Arguments: 
  /Users/ridafkih/.nvm/versions/node/v16.13.1/bin/node /Users/ridafkih/.nvm/versions/node/v16.13.1/bin/yarn init

PATH: 
  /Users/ridafkih/.deno/bin:/Users/ridafkih/Library/pnpm:/Users/ridafkih/.nvm/versions/node/v16.13.1/bin:/opt/homebrew/bin:/opt/homebrew/sbin:/usr/local/bin:/System/Cryptexes/App/usr/bin:/usr/bin:/bin:/usr/sbin:/sbin:/Library/Apple/usr/bin:/Users/ridafkih/.deno/bin:/Users/ridafkih/Library/pnpm:/Users/ridafkih/.nvm/versions/node/v16.13.1/bin:/opt/homebrew/bin:/opt/homebrew/sbin:/Users/ridafkih/.cargo/bin:/Users/ridafkih/.fig/bin:/Users/ridafkih/.local/bin:/Users/ridafkih/Library/Android/sdk/emulator:/Users/ridafkih/Library/Android/sdk/tools:/Users/ridafkih/Library/Android/sdk/tools/bin:/Users/ridafkih/Library/Android/sdk/platform-tools:/Users/ridafkih/Library/Android/sdk/emulator:/Users/ridafkih/Library/Android/sdk/tools:/Users/ridafkih/Library/Android/sdk/tools/bin:/Users/ridafkih/Library/Android/sdk/platform-tools

Yarn version: 
  1.22.19

Node version: 
  16.13.1

Platform: 
  darwin arm64

Trace: 
  Error: canceled
      at Interface.<anonymous> (/Users/ridafkih/.nvm/versions/node/v16.13.1/lib/node_modules/yarn/lib/cli.js:137150:13)
      at Interface.emit (node:events:390:28)
      at Interface._ttyWrite (node:readline:1081:16)
      at ReadStream.onkeypress (node:readline:288:10)
      at ReadStream.emit (node:events:390:28)
      at emitKeys (node:internal/readline/utils:358:14)
      at emitKeys.next (<anonymous>)
      at ReadStream.onData (node:internal/readline/emitKeypressEvents:61:36)
      at ReadStream.emit (node:events:390:28)
      at addChunk (node:internal/streams/readable:315:12)

npm manifest: 
  No manifest

yarn manifest: 
  No manifest

Lockfile: 
  No lockfile
